<?xml version="1.0" encoding="UTF-8"?>
<!-- Generated by org.testng.reporters.JUnitXMLReporter -->
<testsuite hostname="Miha-PC" name="packages" tests="6" failures="1" timestamp="30 Mar 2016 17:44:45 GMT" time="55.441" errors="0">
  <testcase name="canLoginWithValidCredentials" time="20.187" classname="tests.components.login_page.LoginTest"/>
  <testcase name="canVerifyContentOfHomePage" time="0.192" classname="tests.components.home_page.HomePageTest">
    <failure type="java.lang.AssertionError" message="Sets differ: expected [File Sharing, Fun), test] but got [File Sharing, test, Fun), DirectoryName]">
      <![CDATA[java.lang.AssertionError: Sets differ: expected [File Sharing, Fun), test] but got [File Sharing, test, Fun), DirectoryName]
	at tests.components.home_page.HomePageTest.canVerifyContentOfHomePage(HomePageTest.java:28)
	at java.util.concurrent.ThreadPoolExecutor.runWorker(ThreadPoolExecutor.java:1142)
	at java.util.concurrent.ThreadPoolExecutor$Worker.run(ThreadPoolExecutor.java:617)
	at java.lang.Thread.run(Thread.java:745)
... Removed 13 stack frames]]>
    </failure>
  </testcase> <!-- canVerifyContentOfHomePage -->
  <testcase name="canNotLoginWithIncorrectLogin" time="2.009" classname="tests.components.login_page.LoginTest"/>
  <testcase name="shouldAlertAppearsIfLogInWithEmptyCredentials" time="0.568" classname="tests.components.login_page.LoginTest"/>
  <testcase name="shouldAlertAppearsIfLogInWithEmptyCredentials" time="0.361" classname="tests.components.login_page.LoginTest"/>
  <testcase name="canEditProfileWithValidValues" time="12.88" classname="tests.components.profile_page.EditProfileTest"/>
</testsuite> <!-- packages -->
