<?xml version="1.0" encoding="UTF-8"?>
<!-- Generated by org.testng.reporters.JUnitXMLReporter -->
<testsuite hostname="Miha-PC" name="packages" tests="6" failures="0" timestamp="13 Feb 2016 19:06:21 GMT" time="58.744" errors="0">
  <testcase name="canVerifyContentOfHomePage" time="0.066" classname="tests.components.home_page.HomePageTest"/>
  <testcase name="canLoginWithValidCredentials" time="18.201" classname="tests.components.login_page.LoginTest"/>
  <testcase name="canNotLoginWithIncorrectLogin" time="3.023" classname="tests.components.login_page.LoginTest"/>
  <testcase name="shouldAlertAppearsIfLogInWithEmptyCredentials" time="0.411" classname="tests.components.login_page.LoginTest"/>
  <testcase name="shouldAlertAppearsIfLogInWithEmptyCredentials" time="0.311" classname="tests.components.login_page.LoginTest"/>
  <testcase name="canEditProfileWithValidValues" time="8.033" classname="tests.components.profile_page.EditProfileTest"/>
</testsuite> <!-- packages -->
