<?xml version="1.0" encoding="UTF-8"?>
<testsuite name="TestSuite" time="28.096" tests="6" errors="0" skipped="0" failures="1">
  <properties>
[...]
</properties>
  <testcase name="canLoginWithValidCredentials" classname="tests.components.login_page.LoginTest" time="20.166"/>
  <testcase name="canVerifyContentOfHomePage" classname="tests.components.home_page.HomePageTest" time="0.205">
    <failure message="Sets differ: expected [File Sharing, Fun), test] but got [File Sharing, test, Fun), DirectoryName]" type="java.lang.AssertionError">java.lang.AssertionError: Sets differ: expected [File Sharing, Fun), test] but got [File Sharing, test, Fun), DirectoryName]
	at org.testng.Assert.fail(Assert.java:94)
	at org.testng.Assert.assertEquals(Assert.java:808)
	at org.testng.Assert.assertEquals(Assert.java:786)
	at tests.components.home_page.HomePageTest.canVerifyContentOfHomePage(HomePageTest.java:28)
</failure>
  </testcase>
  <testcase name="canNotLoginWithIncorrectLogin" classname="tests.components.login_page.LoginTest" time="1.746"/>
  <testcase name="shouldAlertAppearsIfLogInWithEmptyCredentials" classname="tests.components.login_page.LoginTest" time="0.567"/>
  <testcase name="shouldAlertAppearsIfLogInWithEmptyCredentials" classname="tests.components.login_page.LoginTest" time="0.362"/>
  <testcase name="canEditProfileWithValidValues" classname="tests.components.profile_page.EditProfileTest" time="5.412"/>
</testsuite>