<?xml version="1.0" encoding="UTF-8"?>
<testng-results skipped="0" failed="1" total="6" passed="5">
  <reporter-output>
  </reporter-output>
  <suite name="regression" duration-ms="55441" started-at="2016-03-30T17:43:50Z" finished-at="2016-03-30T17:44:45Z">
    <groups>
    </groups>
    <test name="packages" duration-ms="55441" started-at="2016-03-30T17:43:50Z" finished-at="2016-03-30T17:44:45Z">
      <class name="tests.components.login_page.LoginTest">
        <test-method status="PASS" signature="beforeClass()[pri:0, instance:tests.components.login_page.LoginTest@1023150a]" name="beforeClass" is-config="true" duration-ms="7916" started-at="2016-03-30T20:43:50Z" finished-at="2016-03-30T20:43:58Z">
          <reporter-output>
          </reporter-output>
        </test-method> <!-- beforeClass -->
        <test-method status="PASS" signature="beforeBaseMethod(java.lang.reflect.Method)[pri:0, instance:tests.components.login_page.LoginTest@1023150a]" name="beforeBaseMethod" is-config="true" duration-ms="6529" started-at="2016-03-30T20:43:58Z" finished-at="2016-03-30T20:44:05Z">
          <params>
            <param index="0">
              <value>
                <![CDATA[public void tests.components.login_page.LoginTest.canLoginWithValidCredentials()]]>
              </value>
            </param>
          </params>
          <reporter-output>
          </reporter-output>
        </test-method> <!-- beforeBaseMethod -->
        <test-method status="PASS" signature="canLoginWithValidCredentials()[pri:0, instance:tests.components.login_page.LoginTest@1023150a]" name="canLoginWithValidCredentials" duration-ms="20187" started-at="2016-03-30T20:44:05Z" finished-at="2016-03-30T20:44:25Z">
          <reporter-output>
          </reporter-output>
        </test-method> <!-- canLoginWithValidCredentials -->
        <test-method status="PASS" signature="beforeMethod()[pri:0, instance:tests.components.login_page.LoginTest@1023150a]" name="beforeMethod" is-config="true" duration-ms="0" started-at="2016-03-30T20:44:05Z" finished-at="2016-03-30T20:44:05Z">
          <reporter-output>
          </reporter-output>
        </test-method> <!-- beforeMethod -->
        <test-method status="PASS" signature="afterMethod(org.testng.ITestResult)[pri:0, instance:tests.components.login_page.LoginTest@1023150a]" name="afterMethod" is-config="true" duration-ms="3124" started-at="2016-03-30T20:44:25Z" finished-at="2016-03-30T20:44:28Z">
          <params>
            <param index="0">
              <value>
                <![CDATA[[TestResult name=canLoginWithValidCredentials status=SUCCESS method=LoginTest.canLoginWithValidCredentials()[pri:0, instance:tests.components.login_page.LoginTest@1023150a] output={null}]]]>
              </value>
            </param>
          </params>
          <reporter-output>
          </reporter-output>
        </test-method> <!-- afterMethod -->
        <test-method status="PASS" signature="beforeBaseMethod(java.lang.reflect.Method)[pri:0, instance:tests.components.login_page.LoginTest@1023150a]" name="beforeBaseMethod" is-config="true" duration-ms="2003" started-at="2016-03-30T20:44:28Z" finished-at="2016-03-30T20:44:30Z">
          <params>
            <param index="0">
              <value>
                <![CDATA[public void tests.components.login_page.LoginTest.canNotLoginWithIncorrectLogin()]]>
              </value>
            </param>
          </params>
          <reporter-output>
          </reporter-output>
        </test-method> <!-- beforeBaseMethod -->
        <test-method status="PASS" signature="beforeMethod()[pri:0, instance:tests.components.login_page.LoginTest@1023150a]" name="beforeMethod" is-config="true" duration-ms="0" started-at="2016-03-30T20:44:30Z" finished-at="2016-03-30T20:44:30Z">
          <reporter-output>
          </reporter-output>
        </test-method> <!-- beforeMethod -->
        <test-method status="PASS" signature="canNotLoginWithIncorrectLogin()[pri:0, instance:tests.components.login_page.LoginTest@1023150a]" name="canNotLoginWithIncorrectLogin" duration-ms="2009" started-at="2016-03-30T20:44:30Z" finished-at="2016-03-30T20:44:32Z">
          <reporter-output>
          </reporter-output>
        </test-method> <!-- canNotLoginWithIncorrectLogin -->
        <test-method status="PASS" signature="afterMethod(org.testng.ITestResult)[pri:0, instance:tests.components.login_page.LoginTest@1023150a]" name="afterMethod" is-config="true" duration-ms="335" started-at="2016-03-30T20:44:32Z" finished-at="2016-03-30T20:44:32Z">
          <params>
            <param index="0">
              <value>
                <![CDATA[[TestResult name=canNotLoginWithIncorrectLogin status=SUCCESS method=LoginTest.canNotLoginWithIncorrectLogin()[pri:0, instance:tests.components.login_page.LoginTest@1023150a] output={null}]]]>
              </value>
            </param>
          </params>
          <reporter-output>
          </reporter-output>
        </test-method> <!-- afterMethod -->
        <test-method status="PASS" signature="beforeBaseMethod(java.lang.reflect.Method)[pri:0, instance:tests.components.login_page.LoginTest@1023150a]" name="beforeBaseMethod" is-config="true" duration-ms="894" started-at="2016-03-30T20:44:32Z" finished-at="2016-03-30T20:44:33Z">
          <params>
            <param index="0">
              <value>
                <![CDATA[public void tests.components.login_page.LoginTest.shouldAlertAppearsIfLogInWithEmptyCredentials(java.lang.String,java.lang.String)]]>
              </value>
            </param>
          </params>
          <reporter-output>
          </reporter-output>
        </test-method> <!-- beforeBaseMethod -->
        <test-method status="PASS" signature="beforeMethod()[pri:0, instance:tests.components.login_page.LoginTest@1023150a]" name="beforeMethod" is-config="true" duration-ms="1" started-at="2016-03-30T20:44:33Z" finished-at="2016-03-30T20:44:33Z">
          <reporter-output>
          </reporter-output>
        </test-method> <!-- beforeMethod -->
        <test-method status="PASS" signature="shouldAlertAppearsIfLogInWithEmptyCredentials(java.lang.String, java.lang.String)[pri:0, instance:tests.components.login_page.LoginTest@1023150a]" name="shouldAlertAppearsIfLogInWithEmptyCredentials" duration-ms="568" started-at="2016-03-30T20:44:33Z" data-provider="credentials" finished-at="2016-03-30T20:44:34Z">
          <params>
            <param index="0">
              <value>
                <![CDATA[]]>
              </value>
            </param>
            <param index="1">
              <value>
                <![CDATA[Qw1111]]>
              </value>
            </param>
          </params>
          <reporter-output>
          </reporter-output>
        </test-method> <!-- shouldAlertAppearsIfLogInWithEmptyCredentials -->
        <test-method status="PASS" signature="afterMethod(org.testng.ITestResult)[pri:0, instance:tests.components.login_page.LoginTest@1023150a]" name="afterMethod" is-config="true" duration-ms="519" started-at="2016-03-30T20:44:34Z" finished-at="2016-03-30T20:44:34Z">
          <params>
            <param index="0">
              <value>
                <![CDATA[[TestResult name=shouldAlertAppearsIfLogInWithEmptyCredentials status=SUCCESS method=LoginTest.shouldAlertAppearsIfLogInWithEmptyCredentials(java.lang.String, java.lang.String)[pri:0, instance:tests.components.login_page.LoginTest@1023150a] output={null}]]]>
              </value>
            </param>
          </params>
          <reporter-output>
          </reporter-output>
        </test-method> <!-- afterMethod -->
        <test-method status="PASS" signature="beforeBaseMethod(java.lang.reflect.Method)[pri:0, instance:tests.components.login_page.LoginTest@1023150a]" name="beforeBaseMethod" is-config="true" duration-ms="3401" started-at="2016-03-30T20:44:34Z" finished-at="2016-03-30T20:44:38Z">
          <params>
            <param index="0">
              <value>
                <![CDATA[public void tests.components.login_page.LoginTest.shouldAlertAppearsIfLogInWithEmptyCredentials(java.lang.String,java.lang.String)]]>
              </value>
            </param>
          </params>
          <reporter-output>
          </reporter-output>
        </test-method> <!-- beforeBaseMethod -->
        <test-method status="PASS" signature="shouldAlertAppearsIfLogInWithEmptyCredentials(java.lang.String, java.lang.String)[pri:0, instance:tests.components.login_page.LoginTest@1023150a]" name="shouldAlertAppearsIfLogInWithEmptyCredentials" duration-ms="361" started-at="2016-03-30T20:44:38Z" data-provider="credentials" finished-at="2016-03-30T20:44:38Z">
          <params>
            <param index="0">
              <value>
                <![CDATA[minchekov160@hotmail.com]]>
              </value>
            </param>
            <param index="1">
              <value>
                <![CDATA[]]>
              </value>
            </param>
          </params>
          <reporter-output>
          </reporter-output>
        </test-method> <!-- shouldAlertAppearsIfLogInWithEmptyCredentials -->
        <test-method status="PASS" signature="beforeMethod()[pri:0, instance:tests.components.login_page.LoginTest@1023150a]" name="beforeMethod" is-config="true" duration-ms="0" started-at="2016-03-30T20:44:38Z" finished-at="2016-03-30T20:44:38Z">
          <reporter-output>
          </reporter-output>
        </test-method> <!-- beforeMethod -->
        <test-method status="PASS" signature="afterMethod(org.testng.ITestResult)[pri:0, instance:tests.components.login_page.LoginTest@1023150a]" name="afterMethod" is-config="true" duration-ms="437" started-at="2016-03-30T20:44:38Z" finished-at="2016-03-30T20:44:38Z">
          <params>
            <param index="0">
              <value>
                <![CDATA[[TestResult name=shouldAlertAppearsIfLogInWithEmptyCredentials status=SUCCESS method=LoginTest.shouldAlertAppearsIfLogInWithEmptyCredentials(java.lang.String, java.lang.String)[pri:0, instance:tests.components.login_page.LoginTest@1023150a] output={null}]]]>
              </value>
            </param>
          </params>
          <reporter-output>
          </reporter-output>
        </test-method> <!-- afterMethod -->
        <test-method status="PASS" signature="afterClass()[pri:0, instance:tests.components.login_page.LoginTest@1023150a]" name="afterClass" is-config="true" duration-ms="1473" started-at="2016-03-30T20:44:38Z" finished-at="2016-03-30T20:44:40Z">
          <reporter-output>
          </reporter-output>
        </test-method> <!-- afterClass -->
      </class> <!-- tests.components.login_page.LoginTest -->
      <class name="tests.components.profile_page.EditProfileTest">
        <test-method status="PASS" signature="beforeClass()[pri:0, instance:tests.components.profile_page.EditProfileTest@3ece1e79]" name="beforeClass" is-config="true" duration-ms="8712" started-at="2016-03-30T20:43:50Z" finished-at="2016-03-30T20:43:59Z">
          <reporter-output>
          </reporter-output>
        </test-method> <!-- beforeClass -->
        <test-method status="PASS" signature="beforeBaseMethod(java.lang.reflect.Method)[pri:0, instance:tests.components.profile_page.EditProfileTest@3ece1e79]" name="beforeBaseMethod" is-config="true" duration-ms="31413" started-at="2016-03-30T20:43:59Z" finished-at="2016-03-30T20:44:30Z">
          <params>
            <param index="0">
              <value>
                <![CDATA[public void tests.components.profile_page.EditProfileTest.canEditProfileWithValidValues(framework.dataobjects.ProfileData)]]>
              </value>
            </param>
          </params>
          <reporter-output>
          </reporter-output>
        </test-method> <!-- beforeBaseMethod -->
        <test-method status="PASS" signature="canEditProfileWithValidValues(framework.dataobjects.ProfileData)[pri:0, instance:tests.components.profile_page.EditProfileTest@3ece1e79]" name="canEditProfileWithValidValues" duration-ms="12880" started-at="2016-03-30T20:44:30Z" data-provider="profile" finished-at="2016-03-30T20:44:43Z">
          <params>
            <param index="0">
              <value>
                <![CDATA[ProfileData{firstName='KZ', lastName='Yc', companyName='qg', website='http://www.l.c', title='q', phone='4549693', timeZone=AFRICA_ABIDJAN, itemsPerPage=20, maxFileAge=0}]]>
              </value>
            </param>
          </params>
          <reporter-output>
          </reporter-output>
        </test-method> <!-- canEditProfileWithValidValues -->
        <test-method status="PASS" signature="afterMethod(org.testng.ITestResult)[pri:0, instance:tests.components.profile_page.EditProfileTest@3ece1e79]" name="afterMethod" is-config="true" duration-ms="943" started-at="2016-03-30T20:44:43Z" finished-at="2016-03-30T20:44:44Z">
          <params>
            <param index="0">
              <value>
                <![CDATA[[TestResult name=canEditProfileWithValidValues status=SUCCESS method=EditProfileTest.canEditProfileWithValidValues(framework.dataobjects.ProfileData)[pri:0, instance:tests.components.profile_page.EditProfileTest@3ece1e79] output={null}]]]>
              </value>
            </param>
          </params>
          <reporter-output>
          </reporter-output>
        </test-method> <!-- afterMethod -->
        <test-method status="PASS" signature="afterClass()[pri:0, instance:tests.components.profile_page.EditProfileTest@3ece1e79]" name="afterClass" is-config="true" duration-ms="1398" started-at="2016-03-30T20:44:44Z" finished-at="2016-03-30T20:44:45Z">
          <reporter-output>
          </reporter-output>
        </test-method> <!-- afterClass -->
      </class> <!-- tests.components.profile_page.EditProfileTest -->
      <class name="tests.components.home_page.HomePageTest">
        <test-method status="PASS" signature="beforeClass()[pri:0, instance:tests.components.home_page.HomePageTest@69e49a81]" name="beforeClass" is-config="true" duration-ms="8518" started-at="2016-03-30T20:43:50Z" finished-at="2016-03-30T20:43:59Z">
          <reporter-output>
          </reporter-output>
        </test-method> <!-- beforeClass -->
        <test-method status="PASS" signature="beforeBaseMethod(java.lang.reflect.Method)[pri:0, instance:tests.components.home_page.HomePageTest@69e49a81]" name="beforeBaseMethod" is-config="true" duration-ms="26675" started-at="2016-03-30T20:43:59Z" finished-at="2016-03-30T20:44:25Z">
          <params>
            <param index="0">
              <value>
                <![CDATA[public void tests.components.home_page.HomePageTest.canVerifyContentOfHomePage()]]>
              </value>
            </param>
          </params>
          <reporter-output>
          </reporter-output>
        </test-method> <!-- beforeBaseMethod -->
        <test-method status="FAIL" signature="canVerifyContentOfHomePage()[pri:0, instance:tests.components.home_page.HomePageTest@69e49a81]" name="canVerifyContentOfHomePage" duration-ms="192" started-at="2016-03-30T20:44:25Z" finished-at="2016-03-30T20:44:25Z">
          <exception class="java.lang.AssertionError">
            <message>
              <![CDATA[Sets differ: expected [File Sharing, Fun), test] but got [File Sharing, test, Fun), DirectoryName]]]>
            </message>
            <full-stacktrace>
              <![CDATA[java.lang.AssertionError: Sets differ: expected [File Sharing, Fun), test] but got [File Sharing, test, Fun), DirectoryName]
	at org.testng.Assert.fail(Assert.java:94)
	at org.testng.Assert.assertEquals(Assert.java:808)
	at org.testng.Assert.assertEquals(Assert.java:786)
	at tests.components.home_page.HomePageTest.canVerifyContentOfHomePage(HomePageTest.java:28)
	at sun.reflect.NativeMethodAccessorImpl.invoke0(Native Method)
	at sun.reflect.NativeMethodAccessorImpl.invoke(NativeMethodAccessorImpl.java:62)
	at sun.reflect.DelegatingMethodAccessorImpl.invoke(DelegatingMethodAccessorImpl.java:43)
	at java.lang.reflect.Method.invoke(Method.java:498)
	at org.testng.internal.MethodInvocationHelper.invokeMethod(MethodInvocationHelper.java:85)
	at org.testng.internal.Invoker.invokeMethod(Invoker.java:639)
	at org.testng.internal.Invoker.invokeTestMethod(Invoker.java:816)
	at org.testng.internal.Invoker.invokeTestMethods(Invoker.java:1124)
	at org.testng.internal.TestMethodWorker.invokeTestMethods(TestMethodWorker.java:125)
	at org.testng.internal.TestMethodWorker.run(TestMethodWorker.java:108)
	at java.util.concurrent.ThreadPoolExecutor.runWorker(ThreadPoolExecutor.java:1142)
	at java.util.concurrent.ThreadPoolExecutor$Worker.run(ThreadPoolExecutor.java:617)
	at java.lang.Thread.run(Thread.java:745)
]]>
            </full-stacktrace>
          </exception> <!-- java.lang.AssertionError -->
          <reporter-output>
          </reporter-output>
        </test-method> <!-- canVerifyContentOfHomePage -->
        <test-method status="PASS" signature="afterMethod(org.testng.ITestResult)[pri:0, instance:tests.components.home_page.HomePageTest@69e49a81]" name="afterMethod" is-config="true" duration-ms="3697" started-at="2016-03-30T20:44:25Z" finished-at="2016-03-30T20:44:29Z">
          <params>
            <param index="0">
              <value>
                <![CDATA[[TestResult name=canVerifyContentOfHomePage status=FAILURE method=HomePageTest.canVerifyContentOfHomePage()[pri:0, instance:tests.components.home_page.HomePageTest@69e49a81] output={null}]]]>
              </value>
            </param>
          </params>
          <reporter-output>
          </reporter-output>
        </test-method> <!-- afterMethod -->
        <test-method status="PASS" signature="afterClass()[pri:0, instance:tests.components.home_page.HomePageTest@69e49a81]" name="afterClass" is-config="true" duration-ms="2682" started-at="2016-03-30T20:44:29Z" finished-at="2016-03-30T20:44:32Z">
          <reporter-output>
          </reporter-output>
        </test-method> <!-- afterClass -->
      </class> <!-- tests.components.home_page.HomePageTest -->
    </test> <!-- packages -->
  </suite> <!-- regression -->
</testng-results>
