<?xml version="1.0" encoding="UTF-8"?>
<testsuite name="TestSuite" time="20.783" tests="6" errors="0" skipped="0" failures="0">
  <properties>
[...]
</properties>
  <testcase name="canVerifyContentOfHomePage" classname="tests.components.home_page.HomePageTest" time="0.067"/>
  <testcase name="canLoginWithValidCredentials" classname="tests.components.login_page.LoginTest" time="10.298"/>
  <testcase name="canNotLoginWithIncorrectLogin" classname="tests.components.login_page.LoginTest" time="3.022"/>
  <testcase name="shouldAlertAppearsIfLogInWithEmptyCredentials" classname="tests.components.login_page.LoginTest" time="0.139"/>
  <testcase name="shouldAlertAppearsIfLogInWithEmptyCredentials" classname="tests.components.login_page.LoginTest" time="0.311"/>
  <testcase name="canEditProfileWithValidValues" classname="tests.components.profile_page.EditProfileTest" time="7.257"/>
</testsuite>